<?xml version="1.0" encoding="UTF-8"?>
<!-- Generated by org.testng.reporters.JUnitXMLReporter -->
<testsuite ignored="0" hostname="TYSS-Sumanth" failures="0" tests="4" name="ChromeTest" time="64.266" errors="0" timestamp="2023-03-08T13:08:00 IST">
  <testcase classname="crossBrowser.Zomato" name="launchZomato" time="15.734"/>
  <testcase classname="crossBrowser.FoodPanda" name="launchFoodPanda" time="10.728"/>
  <testcase classname="crossBrowser.Swiggy" name="launchSwiggy" time="14.504"/>
  <testcase classname="crossBrowser.Dominos" name="launchDominos" time="17.663"/>
</testsuite> <!-- ChromeTest -->
