<?xml version="1.0" encoding="UTF-8"?>
<!-- Generated by org.testng.reporters.JUnitXMLReporter -->
<testsuite ignored="0" hostname="TYSS-Sumanth" failures="0" tests="4" name="FirefoxTest" time="101.077" errors="0" timestamp="2023-03-08T13:08:37 IST">
  <testcase classname="crossBrowser.Zomato" name="launchZomato" time="5.092"/>
  <testcase classname="crossBrowser.FoodPanda" name="launchFoodPanda" time="47.256"/>
  <testcase classname="crossBrowser.Swiggy" name="launchSwiggy" time="27.222"/>
  <testcase classname="crossBrowser.Dominos" name="launchDominos" time="10.772"/>
</testsuite> <!-- FirefoxTest -->
