<?xml version="1.0" encoding="UTF-8"?>
<!-- Generated by org.testng.reporters.JUnitXMLReporter -->
<testsuite ignored="5" hostname="TYSS-Sumanth" failures="0" tests="1" name="Test" time="6.549" errors="0" timestamp="2023-02-21T16:07:18 IST">
  <testcase classname="itCompanies.Infosys" name="openingInfy" time="6.463"/>
  <testcase classname="itCompanies.Wipro" name="openingWipro" time="0.0">
    <ignored/>
  </testcase> <!-- openingWipro -->
  <testcase classname="itCompanies.FireFlink" name="openingFireFlink" time="0.0">
    <ignored/>
  </testcase> <!-- openingFireFlink -->
  <testcase classname="itCompanies.TestYantra" name="openingTestYantra" time="0.0">
    <ignored/>
  </testcase> <!-- openingTestYantra -->
  <testcase classname="itCompanies.TechMahindra" name="openingTechM" time="0.0">
    <ignored/>
  </testcase> <!-- openingTechM -->
  <testcase classname="itCompanies.Infosys" name="openingMicrosoft" time="0.0">
    <ignored/>
  </testcase> <!-- openingMicrosoft -->
</testsuite> <!-- Test -->
