<?xml version="1.0" encoding="UTF-8"?>
<!-- Generated by org.testng.reporters.JUnitXMLReporter -->
<testsuite ignored="0" hostname="TYSS-Sumanth" failures="0" tests="5" name="Test2" time="32.38" errors="0" timestamp="2023-02-21T13:01:27 IST">
  <testcase classname="itCompanies.FireFlink" name="openingFireFlink" time="13.044"/>
  <testcase classname="itCompanies.Infosys" name="openingInfy" time="3.857"/>
  <testcase classname="itCompanies.TestYantra" name="openingTestYantra" time="6.037"/>
  <testcase classname="mobiles.Vivo" name="launchVivo" time="5.637"/>
  <testcase classname="itCompanies.TechMahindra" name="openingTechM" time="3.755"/>
</testsuite> <!-- Test2 -->
