<?xml version="1.0" encoding="UTF-8"?>
<!-- Generated by org.testng.reporters.JUnitXMLReporter -->
<testsuite ignored="0" hostname="TYSS-Sumanth" failures="0" tests="6" name="Test1" time="42.293" errors="0" timestamp="2023-02-21T13:01:37 IST">
  <testcase classname="mobiles.Apple" name="launchApple" time="4.811"/>
  <testcase classname="mobiles.Samsung" name="launchSamsungLaptops" time="9.153"/>
  <testcase classname="mobiles.Samsung" name="launchSamsungMobiles" time="4.719"/>
  <testcase classname="mobiles.Redmi" name="launchRedmi" time="11.792"/>
  <testcase classname="mobiles.Oneplus" name="launchOneplus" time="6.526"/>
  <testcase classname="itCompanies.Wipro" name="openingWipro" time="5.239"/>
</testsuite> <!-- Test1 -->
