<?xml version="1.0" encoding="UTF-8"?>
<testng-results ignored="0" total="8" passed="8" failed="0" skipped="0">
  <reporter-output>
  </reporter-output>
  <suite started-at="2023-03-08T13:06:56 IST" name="Suite" finished-at="2023-03-08T13:08:37 IST" duration-ms="101077">
    <groups>
    </groups>
    <test started-at="2023-03-08T13:06:56 IST" name="ChromeTest" finished-at="2023-03-08T13:08:00 IST" duration-ms="64266">
      <class name="crossBrowser.Zomato">
        <test-method is-config="true" signature="browserSetup(java.lang.String)[pri:0, instance:crossBrowser.Zomato@13b13b5d]" started-at="2023-03-08T13:06:56 IST" name="browserSetup" finished-at="2023-03-08T13:06:57 IST" duration-ms="1681" status="PASS">
          <params>
            <param index="0">
              <value>
                <![CDATA[chrome]]>
              </value>
            </param>
          </params>
          <reporter-output>
          </reporter-output>
        </test-method> <!-- browserSetup -->
        <test-method signature="launchZomato()[pri:0, instance:crossBrowser.Zomato@13b13b5d]" started-at="2023-03-08T13:06:57 IST" name="launchZomato" finished-at="2023-03-08T13:07:13 IST" duration-ms="15734" status="PASS">
          <reporter-output>
          </reporter-output>
        </test-method> <!-- launchZomato -->
      </class> <!-- crossBrowser.Zomato -->
      <class name="crossBrowser.Swiggy">
        <test-method is-config="true" signature="browserSetup(java.lang.String)[pri:0, instance:crossBrowser.Swiggy@355ce81c]" started-at="2023-03-08T13:07:25 IST" name="browserSetup" finished-at="2023-03-08T13:07:26 IST" duration-ms="1306" status="PASS">
          <params>
            <param index="0">
              <value>
                <![CDATA[chrome]]>
              </value>
            </param>
          </params>
          <reporter-output>
          </reporter-output>
        </test-method> <!-- browserSetup -->
        <test-method signature="launchSwiggy()[pri:0, instance:crossBrowser.Swiggy@355ce81c]" started-at="2023-03-08T13:07:26 IST" name="launchSwiggy" finished-at="2023-03-08T13:07:41 IST" duration-ms="14504" status="PASS">
          <reporter-output>
          </reporter-output>
        </test-method> <!-- launchSwiggy -->
      </class> <!-- crossBrowser.Swiggy -->
      <class name="crossBrowser.FoodPanda">
        <test-method is-config="true" signature="browserSetup(java.lang.String)[pri:0, instance:crossBrowser.FoodPanda@2892dae4]" started-at="2023-03-08T13:07:13 IST" name="browserSetup" finished-at="2023-03-08T13:07:14 IST" duration-ms="1361" status="PASS">
          <params>
            <param index="0">
              <value>
                <![CDATA[chrome]]>
              </value>
            </param>
          </params>
          <reporter-output>
          </reporter-output>
        </test-method> <!-- browserSetup -->
        <test-method signature="launchFoodPanda()[pri:0, instance:crossBrowser.FoodPanda@2892dae4]" started-at="2023-03-08T13:07:14 IST" name="launchFoodPanda" finished-at="2023-03-08T13:07:25 IST" duration-ms="10728" status="PASS">
          <reporter-output>
          </reporter-output>
        </test-method> <!-- launchFoodPanda -->
      </class> <!-- crossBrowser.FoodPanda -->
      <class name="crossBrowser.Dominos">
        <test-method is-config="true" signature="browserSetup(java.lang.String)[pri:0, instance:crossBrowser.Dominos@29647f75]" started-at="2023-03-08T13:07:41 IST" name="browserSetup" finished-at="2023-03-08T13:07:42 IST" duration-ms="1252" status="PASS">
          <params>
            <param index="0">
              <value>
                <![CDATA[chrome]]>
              </value>
            </param>
          </params>
          <reporter-output>
          </reporter-output>
        </test-method> <!-- browserSetup -->
        <test-method signature="launchDominos()[pri:0, instance:crossBrowser.Dominos@29647f75]" started-at="2023-03-08T13:07:42 IST" name="launchDominos" finished-at="2023-03-08T13:08:00 IST" duration-ms="17663" status="PASS">
          <reporter-output>
          </reporter-output>
        </test-method> <!-- launchDominos -->
      </class> <!-- crossBrowser.Dominos -->
    </test> <!-- ChromeTest -->
    <test started-at="2023-03-08T13:06:56 IST" name="FirefoxTest" finished-at="2023-03-08T13:08:37 IST" duration-ms="101077">
      <class name="crossBrowser.Zomato">
        <test-method is-config="true" signature="browserSetup(java.lang.String)[pri:0, instance:crossBrowser.Zomato@1eb5174b]" started-at="2023-03-08T13:06:56 IST" name="browserSetup" finished-at="2023-03-08T13:06:59 IST" duration-ms="3189" status="PASS">
          <params>
            <param index="0">
              <value>
                <![CDATA[firefox]]>
              </value>
            </param>
          </params>
          <reporter-output>
          </reporter-output>
        </test-method> <!-- browserSetup -->
        <test-method signature="launchZomato()[pri:0, instance:crossBrowser.Zomato@1eb5174b]" started-at="2023-03-08T13:06:59 IST" name="launchZomato" finished-at="2023-03-08T13:07:04 IST" duration-ms="5092" status="PASS">
          <reporter-output>
          </reporter-output>
        </test-method> <!-- launchZomato -->
      </class> <!-- crossBrowser.Zomato -->
      <class name="crossBrowser.Swiggy">
        <test-method is-config="true" signature="browserSetup(java.lang.String)[pri:0, instance:crossBrowser.Swiggy@72cde7cc]" started-at="2023-03-08T13:07:54 IST" name="browserSetup" finished-at="2023-03-08T13:07:56 IST" duration-ms="2633" status="PASS">
          <params>
            <param index="0">
              <value>
                <![CDATA[firefox]]>
              </value>
            </param>
          </params>
          <reporter-output>
          </reporter-output>
        </test-method> <!-- browserSetup -->
        <test-method signature="launchSwiggy()[pri:0, instance:crossBrowser.Swiggy@72cde7cc]" started-at="2023-03-08T13:07:56 IST" name="launchSwiggy" finished-at="2023-03-08T13:08:24 IST" duration-ms="27222" status="PASS">
          <reporter-output>
          </reporter-output>
        </test-method> <!-- launchSwiggy -->
      </class> <!-- crossBrowser.Swiggy -->
      <class name="crossBrowser.FoodPanda">
        <test-method is-config="true" signature="browserSetup(java.lang.String)[pri:0, instance:crossBrowser.FoodPanda@67080771]" started-at="2023-03-08T13:07:04 IST" name="browserSetup" finished-at="2023-03-08T13:07:06 IST" duration-ms="2536" status="PASS">
          <params>
            <param index="0">
              <value>
                <![CDATA[firefox]]>
              </value>
            </param>
          </params>
          <reporter-output>
          </reporter-output>
        </test-method> <!-- browserSetup -->
        <test-method signature="launchFoodPanda()[pri:0, instance:crossBrowser.FoodPanda@67080771]" started-at="2023-03-08T13:07:06 IST" name="launchFoodPanda" finished-at="2023-03-08T13:07:54 IST" duration-ms="47256" status="PASS">
          <reporter-output>
          </reporter-output>
        </test-method> <!-- launchFoodPanda -->
      </class> <!-- crossBrowser.FoodPanda -->
      <class name="crossBrowser.Dominos">
        <test-method is-config="true" signature="browserSetup(java.lang.String)[pri:0, instance:crossBrowser.Dominos@5fd4f8f5]" started-at="2023-03-08T13:08:24 IST" name="browserSetup" finished-at="2023-03-08T13:08:26 IST" duration-ms="2352" status="PASS">
          <params>
            <param index="0">
              <value>
                <![CDATA[firefox]]>
              </value>
            </param>
          </params>
          <reporter-output>
          </reporter-output>
        </test-method> <!-- browserSetup -->
        <test-method signature="launchDominos()[pri:0, instance:crossBrowser.Dominos@5fd4f8f5]" started-at="2023-03-08T13:08:26 IST" name="launchDominos" finished-at="2023-03-08T13:08:37 IST" duration-ms="10772" status="PASS">
          <reporter-output>
          </reporter-output>
        </test-method> <!-- launchDominos -->
      </class> <!-- crossBrowser.Dominos -->
    </test> <!-- FirefoxTest -->
  </suite> <!-- Suite -->
</testng-results>
